<?xml version="1.0" encoding="UTF-8"?>
<!-- Generated by org.testng.reporters.JUnitReportReporter -->
<testsuite skipped="0" hostname="GIVANDAMAN89437" name="demo.RestAPITesting" tests="1" failures="0" timestamp="15 Jun 2018 09:54:57 GMT" time="2.307" errors="0">
  <testcase name="verifyThatWeCanFindUnitedStatesOfAmericaUsingTheCodes" time="2.307" classname="demo.RestAPITesting"/>
</testsuite> <!-- demo.RestAPITesting -->
